<?xml version="1.0" encoding="UTF-8"?>
<coverage generated="1666770918059" clover="3.2.0">
  <project timestamp="1666770918059" name="All files">
    <metrics statements="22" coveredstatements="7" conditionals="18" coveredconditionals="3" methods="8" coveredmethods="2" elements="48" coveredelements="12" complexity="0" loc="22" ncloc="22" packages="1" files="2" classes="2"/>
    <file name="Button.tsx" path="/Users/apple/Desktop/Projects/DemoTS/src/components/Button.tsx">
      <metrics statements="4" coveredstatements="3" conditionals="2" coveredconditionals="0" methods="2" coveredmethods="1"/>
      <line num="8" count="1" type="stmt"/>
      <line num="9" count="1" type="stmt"/>
      <line num="14" count="0" type="stmt"/>
      <line num="24" count="1" type="stmt"/>
    </file>
    <file name="TabBar.tsx" path="/Users/apple/Desktop/Projects/DemoTS/src/components/TabBar.tsx">
      <metrics statements="18" coveredstatements="4" conditionals="16" coveredconditionals="3" methods="6" coveredmethods="1"/>
      <line num="17" count="1" type="cond" truecount="1" falsecount="1"/>
      <line num="18" count="0" type="cond" truecount="0" falsecount="2"/>
      <line num="19" count="0" type="stmt"/>
      <line num="35" count="1" type="stmt"/>
      <line num="42" count="1" type="stmt"/>
      <line num="45" count="0" type="cond" truecount="0" falsecount="2"/>
      <line num="48" count="0" type="stmt"/>
      <line num="49" count="0" type="cond" truecount="0" falsecount="2"/>
      <line num="50" count="0" type="stmt"/>
      <line num="51" count="0" type="stmt"/>
      <line num="53" count="0" type="stmt"/>
      <line num="68" count="0" type="cond" truecount="0" falsecount="2"/>
      <line num="70" count="0" type="stmt"/>
      <line num="71" count="0" type="cond" truecount="0" falsecount="2"/>
      <line num="72" count="0" type="stmt"/>
      <line num="73" count="0" type="stmt"/>
      <line num="75" count="0" type="stmt"/>
      <line num="92" count="1" type="stmt"/>
    </file>
  </project>
</coverage>
