{"/Users/apple/Desktop/Projects/DemoTS/src/components/Button.tsx": {"path":"/Users/apple/Desktop/Projects/DemoTS/src/components/Button.tsx","statementMap":{"0":{"start":{"line":8,"column":15},"end":{"line":23,"column":1}},"1":{"start":{"line":9,"column":2},"end":{"line":22,"column":4}},"2":{"start":{"line":14,"column":30},"end":{"line":17,"column":9}},"3":{"start":{"line":24,"column":15},"end":{"line":36,"column":2}}},"fnMap":{"0":{"name":"(anonymous_0)","decl":{"start":{"line":8,"column":15},"end":{"line":8,"column":16}},"loc":{"start":{"line":8,"column":33},"end":{"line":23,"column":1}},"line":8},"1":{"name":"(anonymous_1)","decl":{"start":{"line":14,"column":15},"end":{"line":14,"column":16}},"loc":{"start":{"line":14,"column":30},"end":{"line":17,"column":9}},"line":14}},"branchMap":{"0":{"loc":{"start":{"line":15,"column":10},"end":{"line":15,"column":55}},"type":"cond-expr","locations":[{"start":{"line":15,"column":20},"end":{"line":15,"column":48}},{"start":{"line":15,"column":51},"end":{"line":15,"column":55}}],"line":15}},"s":{"0":1,"1":1,"2":0,"3":1},"f":{"0":1,"1":0},"b":{"0":[0,0]},"_coverageSchema":"1a1c01bbd47fc00a2c39e90264f33305004495a9","hash":"c179e09370326f1dfd153c3548a2eab2520743c6"}
,"/Users/apple/Desktop/Projects/DemoTS/src/components/TabBar.tsx": {"path":"/Users/apple/Desktop/Projects/DemoTS/src/components/TabBar.tsx","statementMap":{"0":{"start":{"line":17,"column":0},"end":{"line":21,"column":1}},"1":{"start":{"line":18,"column":2},"end":{"line":20,"column":3}},"2":{"start":{"line":19,"column":4},"end":{"line":19,"column":58}},"3":{"start":{"line":35,"column":32},"end":{"line":91,"column":1}},"4":{"start":{"line":42,"column":2},"end":{"line":90,"column":4}},"5":{"start":{"line":45,"column":21},"end":{"line":45,"column":68}},"6":{"start":{"line":48,"column":10},"end":{"line":48,"column":45}},"7":{"start":{"line":48,"column":31},"end":{"line":48,"column":43}},"8":{"start":{"line":49,"column":10},"end":{"line":52,"column":11}},"9":{"start":{"line":50,"column":12},"end":{"line":50,"column":35}},"10":{"start":{"line":51,"column":12},"end":{"line":51,"column":25}},"11":{"start":{"line":53,"column":10},"end":{"line":57,"column":13}},"12":{"start":{"line":68,"column":21},"end":{"line":68,"column":69}},"13":{"start":{"line":70,"column":10},"end":{"line":70,"column":32}},"14":{"start":{"line":71,"column":10},"end":{"line":74,"column":11}},"15":{"start":{"line":72,"column":12},"end":{"line":72,"column":34}},"16":{"start":{"line":73,"column":12},"end":{"line":73,"column":25}},"17":{"start":{"line":75,"column":10},"end":{"line":79,"column":13}},"18":{"start":{"line":92,"column":15},"end":{"line":121,"column":2}}},"fnMap":{"0":{"name":"(anonymous_0)","decl":{"start":{"line":35,"column":32},"end":{"line":35,"column":33}},"loc":{"start":{"line":41,"column":13},"end":{"line":91,"column":1}},"line":41},"1":{"name":"(anonymous_1)","decl":{"start":{"line":45,"column":15},"end":{"line":45,"column":16}},"loc":{"start":{"line":45,"column":21},"end":{"line":45,"column":68}},"line":45},"2":{"name":"(anonymous_2)","decl":{"start":{"line":47,"column":17},"end":{"line":47,"column":18}},"loc":{"start":{"line":47,"column":23},"end":{"line":58,"column":9}},"line":47},"3":{"name":"(anonymous_3)","decl":{"start":{"line":48,"column":25},"end":{"line":48,"column":26}},"loc":{"start":{"line":48,"column":31},"end":{"line":48,"column":43}},"line":48},"4":{"name":"(anonymous_4)","decl":{"start":{"line":68,"column":15},"end":{"line":68,"column":16}},"loc":{"start":{"line":68,"column":21},"end":{"line":68,"column":69}},"line":68},"5":{"name":"(anonymous_5)","decl":{"start":{"line":69,"column":17},"end":{"line":69,"column":18}},"loc":{"start":{"line":69,"column":23},"end":{"line":80,"column":9}},"line":69}},"branchMap":{"0":{"loc":{"start":{"line":17,"column":0},"end":{"line":21,"column":1}},"type":"if","locations":[{"start":{"line":17,"column":0},"end":{"line":21,"column":1}},{"start":{},"end":{}}],"line":17},"1":{"loc":{"start":{"line":18,"column":2},"end":{"line":20,"column":3}},"type":"if","locations":[{"start":{"line":18,"column":2},"end":{"line":20,"column":3}},{"start":{},"end":{}}],"line":18},"2":{"loc":{"start":{"line":45,"column":22},"end":{"line":45,"column":67}},"type":"cond-expr","locations":[{"start":{"line":45,"column":36},"end":{"line":45,"column":49}},{"start":{"line":45,"column":52},"end":{"line":45,"column":67}}],"line":45},"3":{"loc":{"start":{"line":49,"column":10},"end":{"line":52,"column":11}},"type":"if","locations":[{"start":{"line":49,"column":10},"end":{"line":52,"column":11}},{"start":{},"end":{}}],"line":49},"4":{"loc":{"start":{"line":61,"column":12},"end":{"line":61,"column":65}},"type":"cond-expr","locations":[{"start":{"line":61,"column":26},"end":{"line":61,"column":43}},{"start":{"line":61,"column":46},"end":{"line":61,"column":65}}],"line":61},"5":{"loc":{"start":{"line":68,"column":22},"end":{"line":68,"column":68}},"type":"cond-expr","locations":[{"start":{"line":68,"column":37},"end":{"line":68,"column":50}},{"start":{"line":68,"column":53},"end":{"line":68,"column":68}}],"line":68},"6":{"loc":{"start":{"line":71,"column":10},"end":{"line":74,"column":11}},"type":"if","locations":[{"start":{"line":71,"column":10},"end":{"line":74,"column":11}},{"start":{},"end":{}}],"line":71},"7":{"loc":{"start":{"line":83,"column":12},"end":{"line":83,"column":66}},"type":"cond-expr","locations":[{"start":{"line":83,"column":27},"end":{"line":83,"column":44}},{"start":{"line":83,"column":47},"end":{"line":83,"column":66}}],"line":83}},"s":{"0":1,"1":0,"2":0,"3":1,"4":1,"5":0,"6":0,"7":0,"8":0,"9":0,"10":0,"11":0,"12":0,"13":0,"14":0,"15":0,"16":0,"17":0,"18":1},"f":{"0":1,"1":0,"2":0,"3":0,"4":0,"5":0},"b":{"0":[0,1],"1":[0,0],"2":[0,0],"3":[0,0],"4":[0,1],"5":[0,0],"6":[0,0],"7":[0,1]},"_coverageSchema":"1a1c01bbd47fc00a2c39e90264f33305004495a9","hash":"8f1b7366d2c7c2ad849ca64aa72b044aefcbf020"}
}
